<?xml version="1.0" encoding="UTF-8"?>
<!-- Generated by org.testng.reporters.JUnitXMLReporter -->
<testsuite ignored="0" hostname="DESKTOP-633QQPG" failures="0" tests="0" name="Surefire test" time="0.11" errors="0" timestamp="2025-09-25T23:32:10 IST">
  <testcase classname="io.cucumber.testng.AbstractTestNGCucumberTests" name="@BeforeClass setUpClass" time="0.067">
    <failure type="io.cucumber.core.exception.CucumberException" message="Failed to parse &amp;apos;cucumber.filter.tags&amp;apos; with value &amp;apos;productPage -Dbrowser=Chrome&amp;apos;">
      <![CDATA[io.cucumber.core.exception.CucumberException: Failed to parse 'cucumber.filter.tags' with value 'productPage -Dbrowser=Chrome'
at io.cucumber.core.options.CucumberPropertiesParser.parseAll(CucumberPropertiesParser.java:167)
at io.cucumber.core.options.CucumberPropertiesParser.parse(CucumberPropertiesParser.java:152)
at io.cucumber.core.options.CucumberPropertiesParser.parse(CucumberPropertiesParser.java:81)
at io.cucumber.core.options.CucumberPropertiesParser.parse(CucumberPropertiesParser.java:42)
at io.cucumber.testng.TestNGCucumberRunner.<init>(TestNGCucumberRunner.java:97)
at io.cucumber.testng.AbstractTestNGCucumberTests.setUpClass(AbstractTestNGCucumberTests.java:27)
at java.base/java.util.ArrayList.forEach(ArrayList.java:1596)
Caused by: io.cucumber.tagexpressions.TagExpressionException: Tag expression "productPage -Dbrowser=Chrome" could not be parsed because of syntax error: Expected operator.
at io.cucumber.tagexpressions.TagExpressionParser.check(TagExpressionParser.java:127)
at io.cucumber.tagexpressions.TagExpressionParser.parse(TagExpressionParser.java:76)
at io.cucumber.tagexpressions.TagExpressionParser.parse(TagExpressionParser.java:29)
at java.base/java.util.function.Function.lambda$andThen$1(Function.java:88)
at io.cucumber.core.options.CucumberPropertiesParser.parseAll(CucumberPropertiesParser.java:164)
... 34 more
... Removed 28 stack frames]]>
    </failure>
  </testcase> <!-- @BeforeClass setUpClass -->
</testsuite> <!-- Surefire test -->
